<?xml version="1.0" encoding="UTF-8"?>
<!-- Generated by org.testng.reporters.JUnitReportReporter -->
<testsuite skipped="0" hostname="DESKTOP-M7BR9T5" name="com.qa.tests.DemoTest" tests="1" failures="0" timestamp="13 Jul 2018 18:41:01 GMT" time="0.016" errors="0">
  <testcase name="sum" time="0.016" classname="com.qa.tests.DemoTest"/>
</testsuite> <!-- com.qa.tests.DemoTest -->
