<?xml version="1.0" encoding="UTF-8"?>
<!-- Generated by org.testng.reporters.JUnitReportReporter -->
<testsuite hostname="DESKTOP-M7BR9T5" failures="0" tests="1" name="com.qa.tests.DemoTest3" time="0.001" errors="0" timestamp="17 Jul 2018 19:02:27 GMT" skipped="0">
  <testcase classname="com.qa.tests.DemoTest3" name="sum" time="0.001"/>
</testsuite> <!-- com.qa.tests.DemoTest3 -->
