<?xml version="1.0" encoding="UTF-8"?>
<!-- Generated by org.testng.reporters.JUnitReportReporter -->
<testsuite skipped="0" hostname="DESKTOP-M7BR9T5" name="com.qa.tests.DemoTest" tests="1" failures="0" timestamp="14 Jul 2018 00:01:27 GMT" time="0.015" errors="0">
  <testcase name="sum" time="0.015" classname="com.qa.tests.DemoTest"/>
</testsuite> <!-- com.qa.tests.DemoTest -->
